time	cpu_%	mem_%
0	0	0.0192686
1	0.000207426	0.0192397
2	0.000414852	0.0192322
3	0	0.0192264
4	0.000621891	0.0192236
5	0.000207469	0.0192138
6	0.000414766	0.0192091
7	0	0.0191889
8	0.000207469	0.0191796
9	0.0012443	0.0191749
10	0.000207426	0.0191738
11	0.000207469	0.0191738
12	0.000207469	0.0191709
13	0.000207426	0.0191583
14	0.000207469	0.0191519
15	0.000414852	0.0191496
16	0.000207469	0.0191399
17	0.000207469	0.0191399
18	0.456246	0.0254423
19	1	0.0529221
20	1	0.0813531
21	1	0.106967
22	0.27852	0.10728
23	0.732819	0.107963
24	0.427914	0.11019
25	0.627872	0.111792
26	0.180946	0.112278
27	0.00897142	0.112245
28	0.00960134	0.112174
29	0.00939261	0.112145
30	0.00876644	0.112078
31	0.00939457	0.112021
32	0.0112688	0.111989
33	0.0498852	0.111942
34	0.0342881	0.111853
35	0.0202674	0.111819
36	0.00960134	0.111794
37	0.00876644	0.111777
38	0.00876461	0.111758
39	0.0100188	0.111728
40	0.00876461	0.111714
41	0.00876827	0.1117
42	0.00897891	0.11168
43	0.00855414	0.11167
44	0.0091858	0.111663
45	0.00876644	0.111652
46	0.0085595	0.111645
47	0.00918389	0.111637
48	0.00897142	0.111632
49	0.00939261	0.111628
50	0.00897891	0.111626
51	0.00855593	0.111622
52	0.0091858	0.11162
53	0.00855593	0.111616
54	0.00876827	0.111613
55	0.0091858	0.111613
56	0.00855771	0.111611
57	0.00855771	0.111611
58	0.00939261	0.11161
59	0.00918389	0.111611
60	0.00959333	0.111608
61	0.0085595	0.111609
62	0.00897329	0.111608
63	0.0091858	0.111608
64	0.00896767	0.111606
65	0.00856307	0.111607
66	0.00918389	0.111607
67	0.00855593	0.111607
68	0.00938869	0.111606
69	0.0091858	0.111604
70	0.00855771	0.111604
71	0.0091858	0.111604
72	0.00855593	0.111604
73	0.00876827	0.111604
74	0.00876827	0.111604
75	0.0085595	0.111602
76	0.0091858	0.111602
77	0.0110624	0.111641
78	0.0312107	0.111692
79	0.0320553	0.111767
80	0.0322243	0.111811
81	0.0311977	0.111831
82	0.0330475	0.111867
83	0.0322311	0.111879
84	0.0334378	0.111905
85	0.0326428	0.111931
86	0.0330268	0.11194
87	0.0346555	0.111934
88	0.0334029	0.111939
89	0.0326223	0.111947
90	0.0338487	0.111951
91	0.032804	0.111965
92	0.0331872	0.111975
93	0.0328315	0.111979
94	0.0319749	0.111976
95	0.0334308	0.111982
96	0.0364431	0.11199
97	0.0338205	0.111988
98	0.0343965	0.111998
99	0.0332358	0.112005
100	0.0351863	0.111996
101	0.0300752	0.111996
102	0.0104015	0.111996
103	0.0106095	0.111996
104	0.00998544	0.111989
105	0.00998959	0.11198
106	0.0108153	0.11198
107	0.0101935	0.11198
108	0.00978148	0.111979
109	0.0110302	0.111979
110	0.00998752	0.111979
111	0.0108153	0.111978
112	0.0101913	0.111978
113	0.00998752	0.111978
114	0.0106117	0.111978
115	0.0103993	0.111979
116	0.00998752	0.111974
117	0.0104058	0.111966
118	0.00998752	0.111961
119	0.0114416	0.111961
120	0.00978351	0.111961
121	0.0101892	0.111961
122	0.010408	0.111962
123	0.0101935	0.111962
124	0.0101935	0.111962
125	0.0106117	0.111961
126	0.0101913	0.111962
127	0.0106095	0.111962
128	0.0101913	0.111962
129	0.0106139	0.111961
130	0.0110256	0.111956
131	0.00998544	0.111956
132	0.00998752	0.111956
133	0.0108153	0.111956
134	0.00998752	0.111956
135	0.010408	0.111956
136	0.0101935	0.111956
137	0.0101935	0.111957
138	0.0104037	0.111958
139	0.0108176	0.111958
140	0.0101935	0.111958
141	0.0106117	0.111958
142	0.00998752	0.111959
143	0.0104037	0.111959
144	0.00998752	0.111959
145	0.00978148	0.111959
146	0.0106095	0.11196
147	0.0101913	0.11196
148	0.0103972	0.111953
149	0.0112383	0.111953
150	0.0101935	0.111954
151	0.0104037	0.111947
152	0.0106029	0.111948
153	0.00998959	0.111948
154	0.0101998	0.111949
155	0.0101956	0.111947
156	0.0118626	0.111928
157	0.0327561	0.11195
158	0.0331388	0.111963
159	0.0331942	0.111975
160	0.0319349	0.111982
161	0.0327424	0.11198
162	0.0335696	0.111989
163	0.0335487	0.111988
164	0.0335626	0.111998
165	0.0325611	0.112003
166	0.0321369	0.111991
167	0.0339583	0.111996
168	0.0347844	0.11198
169	0.0325611	0.11199
170	0.0333333	0.111997
171	0.031524	0.111992
172	0.035744	0.111996
173	0.0344037	0.112003
174	0.0363901	0.111999
175	0.0317593	0.112011
177	0.0337711	0.112009
178	0.0341667	0.112009
179	0.0337711	0.111994
180	0.0319415	0.112016
181	0.0293872	0.111996
182	0.0110164	0.111999
183	0.0101808	0.112
184	0.0105985	0.112
185	0.0108086	0.111991
186	0.010395	0.111993
187	0.0106007	0.111991
188	0.0103907	0.111986
189	0.0110164	0.111985
190	0.0108086	0.111986
191	0.0103928	0.111987
192	0.010185	0.111987
193	0.0108086	0.111987
194	0.0103928	0.111987
195	0.0110141	0.111987
196	0.010395	0.111987
197	0.0105985	0.111986
198	0.0106051	0.111987
199	0.0110141	0.111987
200	0.0107996	0.11198
201	0.0108131	0.111974
202	0.0101871	0.111975
203	0.0106029	0.111975
204	0.0103928	0.111975
205	0.0105941	0.111975
206	0.0104015	0.111975
207	0.0105963	0.111974
208	0.0105963	0.111974
209	0.0114345	0.111975
210	0.0103928	0.111974
211	0.0110164	0.111974
212	0.0103907	0.111973
213	0.0106007	0.111974
214	0.0110118	0.111968
215	0.0103907	0.111967
216	0.0149782	0.111438
217	0.0292531	0.0820503
218	0.02746	0.0389342
219	0.0112243	0.0183332
220	0.000414766	0.0183186
221	0.000207426	0.0183186
222	0	0.0183143
223	0.000414852	0.0183077
224	0.000207469	0.0183064
225	0.000207426	0.0183062
226	0.000414938	0.018293
227	0.000207469	0.0182877
228	0.000207512	0.0182804
229	0.00103734	0.0182789
230	0.000414852	0.0182771
231	0.000207426	0.0182771
232	0.000207512	0.0182705
233	0.000414852	0.0182706
234	0.000207426	0.0182706
235	0.000207469	0.0182639
236	0.000414852	0.0182574
237	0.000414938	0.0182516
238	0.000207426	0.0182486
